<?xml version="1.0" encoding="UTF-8"?>
<testsuite xmlns:xsi="http://www.w3.org/2001/XMLSchema-instance" xsi:noNamespaceSchemaLocation="https://maven.apache.org/surefire/maven-surefire-plugin/xsd/surefire-test-report.xsd" version="3.0.2" name="com.edureka.cucumber_project1.RunCucumberTest" time="1.507" tests="9" errors="2" skipped="0" failures="0">
  <properties>
[...]
</properties>
  <testcase name="Page title validation" classname="Facebook Login" time="0.299">
    <error message="The step &apos;I am on the Facebook login page&apos; and 1 other step(s) are undefined.&#10;You can implement these steps using the snippet(s) below:&#10;&#10;@Given(&quot;I am on the Facebook login page&quot;)&#10;public void i_am_on_the_facebook_login_page() {&#10;    // Write code here that turns the phrase above into concrete actions&#10;    throw new io.cucumber.java.PendingException();&#10;}&#10;@Then(&quot;The page title should be dispalyed&quot;)&#10;public void the_page_title_should_be_dispalyed() {&#10;    // Write code here that turns the phrase above into concrete actions&#10;    throw new io.cucumber.java.PendingException();&#10;}&#10;" type="io.cucumber.junit.platform.engine.UndefinedStepException"><![CDATA[io.cucumber.junit.platform.engine.UndefinedStepException: 
The step 'I am on the Facebook login page' and 1 other step(s) are undefined.
You can implement these steps using the snippet(s) below:

@Given("I am on the Facebook login page")
public void i_am_on_the_facebook_login_page() {
    // Write code here that turns the phrase above into concrete actions
    throw new io.cucumber.java.PendingException();
}
@Then("The page title should be dispalyed")
public void the_page_title_should_be_dispalyed() {
    // Write code here that turns the phrase above into concrete actions
    throw new io.cucumber.java.PendingException();
}

	at io.cucumber.core.runtime.TestCaseResultObserver.assertTestCasePassed(TestCaseResultObserver.java:69)
	at io.cucumber.junit.platform.engine.TestCaseResultObserver.assertTestCasePassed(TestCaseResultObserver.java:22)
	at io.cucumber.junit.platform.engine.CucumberEngineExecutionContext.lambda$runTestCase$4(CucumberEngineExecutionContext.java:114)
	at io.cucumber.core.runtime.CucumberExecutionContext.lambda$runTestCase$5(CucumberExecutionContext.java:136)
	at io.cucumber.core.runtime.RethrowingThrowableCollector.executeAndThrow(RethrowingThrowableCollector.java:23)
	at io.cucumber.core.runtime.CucumberExecutionContext.runTestCase(CucumberExecutionContext.java:136)
	at io.cucumber.junit.platform.engine.CucumberEngineExecutionContext.runTestCase(CucumberEngineExecutionContext.java:109)
	at io.cucumber.junit.platform.engine.NodeDescriptor$PickleDescriptor.execute(NodeDescriptor.java:168)
	at io.cucumber.junit.platform.engine.NodeDescriptor$PickleDescriptor.execute(NodeDescriptor.java:90)
	at java.base/java.util.ArrayList.forEach(ArrayList.java:1511)
	at java.base/java.util.ArrayList.forEach(ArrayList.java:1511)
]]></error>
    <system-out><![CDATA[
@regression @positive
Scenario: Page title validation           &amp#27;[90m# com/edureka/cucumber_project1/basic-validation.feature:25&amp#27;[0m
  &amp#27;[33mGiven &amp#27;[0m&amp#27;[33mI am on the Facebook login page&amp#27;[0m
  &amp#27;[36mThen &amp#27;[0m&amp#27;[36mThe page title should be dispalyed&amp#27;[0m
]]></system-out>
  </testcase>
  <testcase name="Facebook URL validation" classname="Facebook Login" time="0.052">
    <error message="The step &apos;The URL should be displayed&apos; is undefined.&#10;You can implement this step using the snippet(s) below:&#10;&#10;@Then(&quot;The URL should be displayed&quot;)&#10;public void the_url_should_be_displayed() {&#10;    // Write code here that turns the phrase above into concrete actions&#10;    throw new io.cucumber.java.PendingException();&#10;}&#10;" type="io.cucumber.junit.platform.engine.UndefinedStepException"><![CDATA[io.cucumber.junit.platform.engine.UndefinedStepException: 
The step 'The URL should be displayed' is undefined.
You can implement this step using the snippet(s) below:

@Then("The URL should be displayed")
public void the_url_should_be_displayed() {
    // Write code here that turns the phrase above into concrete actions
    throw new io.cucumber.java.PendingException();
}

	at io.cucumber.core.runtime.TestCaseResultObserver.assertTestCasePassed(TestCaseResultObserver.java:69)
	at io.cucumber.junit.platform.engine.TestCaseResultObserver.assertTestCasePassed(TestCaseResultObserver.java:22)
	at io.cucumber.junit.platform.engine.CucumberEngineExecutionContext.lambda$runTestCase$4(CucumberEngineExecutionContext.java:114)
	at io.cucumber.core.runtime.CucumberExecutionContext.lambda$runTestCase$5(CucumberExecutionContext.java:136)
	at io.cucumber.core.runtime.RethrowingThrowableCollector.executeAndThrow(RethrowingThrowableCollector.java:23)
	at io.cucumber.core.runtime.CucumberExecutionContext.runTestCase(CucumberExecutionContext.java:136)
	at io.cucumber.junit.platform.engine.CucumberEngineExecutionContext.runTestCase(CucumberEngineExecutionContext.java:109)
	at io.cucumber.junit.platform.engine.NodeDescriptor$PickleDescriptor.execute(NodeDescriptor.java:168)
	at io.cucumber.junit.platform.engine.NodeDescriptor$PickleDescriptor.execute(NodeDescriptor.java:90)
	at java.base/java.util.ArrayList.forEach(ArrayList.java:1511)
	at java.base/java.util.ArrayList.forEach(ArrayList.java:1511)
]]></error>
    <system-out><![CDATA[
@regression @positive
Scenario: Facebook URL validation  &amp#27;[90m# com/edureka/cucumber_project1/basic-validation.feature:31&amp#27;[0m
  &amp#27;[32mGiven &amp#27;[0m&amp#27;[32mI am on the login page&amp#27;[0m     &amp#27;[90m# com.edureka.cucumber_project1.StepDefinitions.navToLogin()&amp#27;[0m
  &amp#27;[33mThen &amp#27;[0m&amp#27;[33mThe URL should be displayed&amp#27;[0m
]]></system-out>
  </testcase>
  <testcase name="Valid username and valid password test" classname="Basic Login Page validation" time="0.092">
    <system-out><![CDATA[
@regression @positive
Scenario: Valid username and valid password test                      &amp#27;[90m# com/edureka/cucumber_project1/login-validation.feature:25&amp#27;[0m
  &amp#27;[32mGiven &amp#27;[0m&amp#27;[32mI am on the login page&amp#27;[0m                                        &amp#27;[90m# com.edureka.cucumber_project1.StepDefinitions.navToLogin()&amp#27;[0m
  &amp#27;[32mWhen &amp#27;[0m&amp#27;[32mI enter username as &amp#27;[0m&amp#27;[32m&amp#27;[1m"dan@gmail.com"&amp#27;[0m&amp#27;[32m and password as &amp#27;[0m&amp#27;[32m&amp#27;[1m"test1234"&amp#27;[0m &amp#27;[90m# com.edureka.cucumber_project1.StepDefinitions.login(java.lang.String,java.lang.String)&amp#27;[0m
  &amp#27;[32mThen &amp#27;[0m&amp#27;[32mI should successfully be logged in&amp#27;[0m                             &amp#27;[90m# com.edureka.cucumber_project1.StepDefinitions.successfulLogin()&amp#27;[0m
]]></system-out>
  </testcase>
  <testcase name="Example #1.1" classname="Examples" time="0.017">
    <system-out><![CDATA[
@regression @negative
Scenario Outline: Invalid username and password test                         &amp#27;[90m# com/edureka/cucumber_project1/login-validation.feature:42&amp#27;[0m
  &amp#27;[32mGiven &amp#27;[0m&amp#27;[32mI am on the login page&amp#27;[0m                                               &amp#27;[90m# com.edureka.cucumber_project1.StepDefinitions.navToLogin()&amp#27;[0m
  &amp#27;[32mWhen &amp#27;[0m&amp#27;[32mI enter username as &amp#27;[0m&amp#27;[32m&amp#27;[1m"invalid-dan@gmail.com"&amp#27;[0m&amp#27;[32m and password as &amp#27;[0m&amp#27;[32m&amp#27;[1m"test123"&amp#27;[0m &amp#27;[90m# com.edureka.cucumber_project1.StepDefinitions.login(java.lang.String,java.lang.String)&amp#27;[0m
  &amp#27;[32mThen &amp#27;[0m&amp#27;[32mLogin error message should be displayed&amp#27;[0m                               &amp#27;[90m# com.edureka.cucumber_project1.StepDefinitions.unsuccessfulLogin()&amp#27;[0m
]]></system-out>
  </testcase>
  <testcase name="Example #1.2" classname="Examples" time="0.021">
    <system-out><![CDATA[
@regression @negative
Scenario Outline: Invalid username and password test                         &amp#27;[90m# com/edureka/cucumber_project1/login-validation.feature:43&amp#27;[0m
  &amp#27;[32mGiven &amp#27;[0m&amp#27;[32mI am on the login page&amp#27;[0m                                               &amp#27;[90m# com.edureka.cucumber_project1.StepDefinitions.navToLogin()&amp#27;[0m
  &amp#27;[32mWhen &amp#27;[0m&amp#27;[32mI enter username as &amp#27;[0m&amp#27;[32m&amp#27;[1m"dan@gmail.com"&amp#27;[0m&amp#27;[32m and password as &amp#27;[0m&amp#27;[32m&amp#27;[1m"invalid-test123"&amp#27;[0m &amp#27;[90m# com.edureka.cucumber_project1.StepDefinitions.login(java.lang.String,java.lang.String)&amp#27;[0m
  &amp#27;[32mThen &amp#27;[0m&amp#27;[32mLogin error message should be displayed&amp#27;[0m                               &amp#27;[90m# com.edureka.cucumber_project1.StepDefinitions.unsuccessfulLogin()&amp#27;[0m
]]></system-out>
  </testcase>
  <testcase name="Example #1.3" classname="Examples" time="0.008">
    <system-out><![CDATA[
@regression @negative
Scenario Outline: Invalid username and password test                                 &amp#27;[90m# com/edureka/cucumber_project1/login-validation.feature:44&amp#27;[0m
  &amp#27;[32mGiven &amp#27;[0m&amp#27;[32mI am on the login page&amp#27;[0m                                                       &amp#27;[90m# com.edureka.cucumber_project1.StepDefinitions.navToLogin()&amp#27;[0m
  &amp#27;[32mWhen &amp#27;[0m&amp#27;[32mI enter username as &amp#27;[0m&amp#27;[32m&amp#27;[1m"invalid-dan@gmail.com"&amp#27;[0m&amp#27;[32m and password as &amp#27;[0m&amp#27;[32m&amp#27;[1m"invalid-test123"&amp#27;[0m &amp#27;[90m# com.edureka.cucumber_project1.StepDefinitions.login(java.lang.String,java.lang.String)&amp#27;[0m
  &amp#27;[32mThen &amp#27;[0m&amp#27;[32mLogin error message should be displayed&amp#27;[0m                                       &amp#27;[90m# com.edureka.cucumber_project1.StepDefinitions.unsuccessfulLogin()&amp#27;[0m
]]></system-out>
  </testcase>
  <testcase name="Example #1.4" classname="Examples" time="0.005">
    <system-out><![CDATA[
@regression @negative
Scenario Outline: Invalid username and password test    &amp#27;[90m# com/edureka/cucumber_project1/login-validation.feature:45&amp#27;[0m
  &amp#27;[32mGiven &amp#27;[0m&amp#27;[32mI am on the login page&amp#27;[0m                          &amp#27;[90m# com.edureka.cucumber_project1.StepDefinitions.navToLogin()&amp#27;[0m
  &amp#27;[32mWhen &amp#27;[0m&amp#27;[32mI enter username as &amp#27;[0m&amp#27;[32m&amp#27;[1m""&amp#27;[0m&amp#27;[32m and password as &amp#27;[0m&amp#27;[32m&amp#27;[1m"test123"&amp#27;[0m &amp#27;[90m# com.edureka.cucumber_project1.StepDefinitions.login(java.lang.String,java.lang.String)&amp#27;[0m
  &amp#27;[32mThen &amp#27;[0m&amp#27;[32mLogin error message should be displayed&amp#27;[0m          &amp#27;[90m# com.edureka.cucumber_project1.StepDefinitions.unsuccessfulLogin()&amp#27;[0m
]]></system-out>
  </testcase>
  <testcase name="Example #1.5" classname="Examples" time="0.041">
    <system-out><![CDATA[
@regression @negative
Scenario Outline: Invalid username and password test          &amp#27;[90m# com/edureka/cucumber_project1/login-validation.feature:46&amp#27;[0m
  &amp#27;[32mGiven &amp#27;[0m&amp#27;[32mI am on the login page&amp#27;[0m                                &amp#27;[90m# com.edureka.cucumber_project1.StepDefinitions.navToLogin()&amp#27;[0m
  &amp#27;[32mWhen &amp#27;[0m&amp#27;[32mI enter username as &amp#27;[0m&amp#27;[32m&amp#27;[1m"dan@gmail.com"&amp#27;[0m&amp#27;[32m and password as &amp#27;[0m&amp#27;[32m&amp#27;[1m""&amp#27;[0m &amp#27;[90m# com.edureka.cucumber_project1.StepDefinitions.login(java.lang.String,java.lang.String)&amp#27;[0m
  &amp#27;[32mThen &amp#27;[0m&amp#27;[32mLogin error message should be displayed&amp#27;[0m                &amp#27;[90m# com.edureka.cucumber_project1.StepDefinitions.unsuccessfulLogin()&amp#27;[0m
]]></system-out>
  </testcase>
  <testcase name="Example #1.6" classname="Examples" time="0.01">
    <system-out><![CDATA[
@regression @negative
Scenario Outline: Invalid username and password test &amp#27;[90m# com/edureka/cucumber_project1/login-validation.feature:47&amp#27;[0m
  &amp#27;[32mGiven &amp#27;[0m&amp#27;[32mI am on the login page&amp#27;[0m                       &amp#27;[90m# com.edureka.cucumber_project1.StepDefinitions.navToLogin()&amp#27;[0m
  &amp#27;[32mWhen &amp#27;[0m&amp#27;[32mI enter username as &amp#27;[0m&amp#27;[32m&amp#27;[1m""&amp#27;[0m&amp#27;[32m and password as &amp#27;[0m&amp#27;[32m&amp#27;[1m""&amp#27;[0m     &amp#27;[90m# com.edureka.cucumber_project1.StepDefinitions.login(java.lang.String,java.lang.String)&amp#27;[0m
  &amp#27;[32mThen &amp#27;[0m&amp#27;[32mLogin error message should be displayed&amp#27;[0m       &amp#27;[90m# com.edureka.cucumber_project1.StepDefinitions.unsuccessfulLogin()&amp#27;[0m
]]></system-out>
  </testcase>
</testsuite>